# JRE version: Java(TM) SE Runtime Environment (8.0_111-b14) (build 1.8.0_111-b14)
# Java VM: Java HotSpot(TM) 64-Bit Server VM (25.111-b14 mixed mode windows-amd64 compressed oops)
Heap:
 PSYoungGen      total 889856K, used 260696K [0x000000076b300000, 0x00000007a5480000, 0x00000007c0000000)
  eden space 879104K, 29% used [0x000000076b300000,0x000000077b135ef8,0x00000007a0d80000)
  from space 10752K, 3% used [0x00000007a4a00000,0x00000007a4a60460,0x00000007a5480000)
  to   space 36352K, 0% used [0x00000007a0d80000,0x00000007a0d80000,0x00000007a3100000)
 ParOldGen       total 133632K, used 82911K [0x00000006c1800000, 0x00000006c9a80000, 0x000000076b300000)
  object space 133632K, 62% used [0x00000006c1800000,0x00000006c68f7f50,0x00000006c9a80000)
 Metaspace       used 30708K, capacity 32184K, committed 32256K, reserved 1077248K
  class space    used 3948K, capacity 4299K, committed 4352K, reserved 1048576K
GC Heap History (10 events):
Event: 30.908 GC heap before
{Heap before GC invocations=13 (full 1):
 PSYoungGen      total 495104K, used 452864K [0x000000076b300000, 0x0000000796080000, 0x00000007c0000000)
  eden space 452608K, 100% used [0x000000076b300000,0x0000000786d00000,0x0000000786d00000)
  from space 42496K, 0% used [0x0000000786d00000,0x0000000786d40000,0x0000000789680000)
  to   space 41984K, 0% used [0x0000000793780000,0x0000000793780000,0x0000000796080000)
 ParOldGen       total 133632K, used 82775K [0x00000006c1800000, 0x00000006c9a80000, 0x000000076b300000)
  object space 133632K, 61% used [0x00000006c1800000,0x00000006c68d5f40,0x00000006c9a80000)
 Metaspace       used 30667K, capacity 32184K, committed 32256K, reserved 1077248K
  class space    used 3948K, capacity 4299K, committed 4352K, reserved 1048576K
Event: 30.910 GC heap after
Heap after GC invocations=13 (full 1):
 PSYoungGen      total 623104K, used 288K [0x000000076b300000, 0x0000000794e00000, 0x00000007c0000000)
  eden space 600064K, 0% used [0x000000076b300000,0x000000076b300000,0x000000078fd00000)
  from space 23040K, 1% used [0x0000000793780000,0x00000007937c8000,0x0000000794e00000)
  to   space 41472K, 0% used [0x000000078fd00000,0x000000078fd00000,0x0000000792580000)
 ParOldGen       total 133632K, used 82823K [0x00000006c1800000, 0x00000006c9a80000, 0x000000076b300000)
  object space 133632K, 61% used [0x00000006c1800000,0x00000006c68e1f40,0x00000006c9a80000)
 Metaspace       used 30667K, capacity 32184K, committed 32256K, reserved 1077248K
  class space    used 3948K, capacity 4299K, committed 4352K, reserved 1048576K
}
Event: 32.827 GC heap before
{Heap before GC invocations=14 (full 1):
 PSYoungGen      total 623104K, used 600352K [0x000000076b300000, 0x0000000794e00000, 0x00000007c0000000)
  eden space 600064K, 100% used [0x000000076b300000,0x000000078fd00000,0x000000078fd00000)
  from space 23040K, 1% used [0x0000000793780000,0x00000007937c8000,0x0000000794e00000)
  to   space 41472K, 0% used [0x000000078fd00000,0x000000078fd00000,0x0000000792580000)
 ParOldGen       total 133632K, used 82823K [0x00000006c1800000, 0x00000006c9a80000, 0x000000076b300000)
  object space 133632K, 61% used [0x00000006c1800000,0x00000006c68e1f40,0x00000006c9a80000)
 Metaspace       used 30690K, capacity 32184K, committed 32256K, reserved 1077248K
  class space    used 3948K, capacity 4299K, committed 4352K, reserved 1048576K
Event: 32.829 GC heap after
Heap after GC invocations=14 (full 1):
 PSYoungGen      total 641536K, used 256K [0x000000076b300000, 0x000000079f300000, 0x00000007c0000000)
  eden space 600064K, 0% used [0x000000076b300000,0x000000076b300000,0x000000078fd00000)
  from space 41472K, 0% used [0x000000078fd00000,0x000000078fd40000,0x0000000792580000)
  to   space 40448K, 0% used [0x000000079cb80000,0x000000079cb80000,0x000000079f300000)
 ParOldGen       total 133632K, used 82895K [0x00000006c1800000, 0x00000006c9a80000, 0x000000076b300000)
  object space 133632K, 62% used [0x00000006c1800000,0x00000006c68f3f50,0x00000006c9a80000)
 Metaspace       used 30690K, capacity 32184K, committed 32256K, reserved 1077248K
  class space    used 3948K, capacity 4299K, committed 4352K, reserved 1048576K
}
Event: 34.490 GC heap before
{Heap before GC invocations=15 (full 1):
 PSYoungGen      total 641536K, used 600320K [0x000000076b300000, 0x000000079f300000, 0x00000007c0000000)
  eden space 600064K, 100% used [0x000000076b300000,0x000000078fd00000,0x000000078fd00000)
  from space 41472K, 0% used [0x000000078fd00000,0x000000078fd40000,0x0000000792580000)
  to   space 40448K, 0% used [0x000000079cb80000,0x000000079cb80000,0x000000079f300000)
 ParOldGen       total 133632K, used 82895K [0x00000006c1800000, 0x00000006c9a80000, 0x000000076b300000)
  object space 133632K, 62% used [0x00000006c1800000,0x00000006c68f3f50,0x00000006c9a80000)
 Metaspace       used 30703K, capacity 32184K, committed 32256K, reserved 1077248K
  class space    used 3948K, capacity 4299K, committed 4352K, reserved 1048576K
Event: 34.492 GC heap after
Heap after GC invocations=15 (full 1):
 PSYoungGen      total 762368K, used 224K [0x000000076b300000, 0x000000079da00000, 0x00000007c0000000)
  eden space 747520K, 0% used [0x000000076b300000,0x000000076b300000,0x0000000798d00000)
  from space 14848K, 1% used [0x000000079cb80000,0x000000079cbb8000,0x000000079da00000)
  to   space 39424K, 0% used [0x0000000798d00000,0x0000000798d00000,0x000000079b380000)
 ParOldGen       total 133632K, used 82903K [0x00000006c1800000, 0x00000006c9a80000, 0x000000076b300000)
  object space 133632K, 62% used [0x00000006c1800000,0x00000006c68f5f50,0x00000006c9a80000)
 Metaspace       used 30703K, capacity 32184K, committed 32256K, reserved 1077248K
  class space    used 3948K, capacity 4299K, committed 4352K, reserved 1048576K
}
Event: 36.159 GC heap before
{Heap before GC invocations=16 (full 1):
 PSYoungGen      total 762368K, used 747744K [0x000000076b300000, 0x000000079da00000, 0x00000007c0000000)
  eden space 747520K, 100% used [0x000000076b300000,0x0000000798d00000,0x0000000798d00000)
  from space 14848K, 1% used [0x000000079cb80000,0x000000079cbb8000,0x000000079da00000)
  to   space 39424K, 0% used [0x0000000798d00000,0x0000000798d00000,0x000000079b380000)
 ParOldGen       total 133632K, used 82903K [0x00000006c1800000, 0x00000006c9a80000, 0x000000076b300000)
  object space 133632K, 62% used [0x00000006c1800000,0x00000006c68f5f50,0x00000006c9a80000)
 Metaspace       used 30704K, capacity 32184K, committed 32256K, reserved 1077248K
  class space    used 3948K, capacity 4299K, committed 4352K, reserved 1048576K
Event: 36.161 GC heap after
Heap after GC invocations=16 (full 1):
 PSYoungGen      total 786944K, used 304K [0x000000076b300000, 0x00000007a6f00000, 0x00000007c0000000)
  eden space 747520K, 0% used [0x000000076b300000,0x000000076b300000,0x0000000798d00000)
  from space 39424K, 0% used [0x0000000798d00000,0x0000000798d4c010,0x000000079b380000)
  to   space 37888K, 0% used [0x00000007a4a00000,0x00000007a4a00000,0x00000007a6f00000)
 ParOldGen       total 133632K, used 82903K [0x00000006c1800000, 0x00000006c9a80000, 0x000000076b300000)
  object space 133632K, 62% used [0x00000006c1800000,0x00000006c68f5f50,0x00000006c9a80000)
 Metaspace       used 30704K, capacity 32184K, committed 32256K, reserved 1077248K
  class space    used 3948K, capacity 4299K, committed 4352K, reserved 1048576K
}
Event: 37.630 GC heap before
{Heap before GC invocations=17 (full 1):
 PSYoungGen      total 786944K, used 747824K [0x000000076b300000, 0x00000007a6f00000, 0x00000007c0000000)
  eden space 747520K, 100% used [0x000000076b300000,0x0000000798d00000,0x0000000798d00000)
  from space 39424K, 0% used [0x0000000798d00000,0x0000000798d4c010,0x000000079b380000)
  to   space 37888K, 0% used [0x00000007a4a00000,0x00000007a4a00000,0x00000007a6f00000)
 ParOldGen       total 133632K, used 82903K [0x00000006c1800000, 0x00000006c9a80000, 0x000000076b300000)
  object space 133632K, 62% used [0x00000006c1800000,0x00000006c68f5f50,0x00000006c9a80000)
 Metaspace       used 30708K, capacity 32184K, committed 32256K, reserved 1077248K
  class space    used 3948K, capacity 4299K, committed 4352K, reserved 1048576K
Event: 37.632 GC heap after
Heap after GC invocations=17 (full 1):
 PSYoungGen      total 889856K, used 385K [0x000000076b300000, 0x00000007a5480000, 0x00000007c0000000)
  eden space 879104K, 0% used [0x000000076b300000,0x000000076b300000,0x00000007a0d80000)
  from space 10752K, 3% used [0x00000007a4a00000,0x00000007a4a60460,0x00000007a5480000)
  to   space 36352K, 0% used [0x00000007a0d80000,0x00000007a0d80000,0x00000007a3100000)
 ParOldGen       total 133632K, used 82911K [0x00000006c1800000, 0x00000006c9a80000, 0x000000076b300000)
  object space 133632K, 62% used [0x00000006c1800000,0x00000006c68f7f50,0x00000006c9a80000)
 Metaspace       used 30708K, capacity 32184K, committed 32256K, reserved 1077248K
  class space    used 3948K, capacity 4299K, committed 4352K, reserved 1048576K
}

