# JRE version: Java(TM) SE Runtime Environment (8.0_111-b14) (build 1.8.0_111-b14)
# Java VM: Java HotSpot(TM) 64-Bit Server VM (25.111-b14 mixed mode windows-amd64 compressed oops)
Heap:
 PSYoungGen      total 417792K, used 218831K [0x000000076b300000, 0x0000000786c80000, 0x00000007c0000000)
  eden space 403968K, 53% used [0x000000076b300000,0x00000007786be7c8,0x0000000783d80000)
  from space 13824K, 14% used [0x0000000785f00000,0x00000007860f56a8,0x0000000786c80000)
  to   space 24064K, 0% used [0x0000000783d80000,0x0000000783d80000,0x0000000785500000)
 ParOldGen       total 153600K, used 34791K [0x00000006c1800000, 0x00000006cae00000, 0x000000076b300000)
  object space 153600K, 22% used [0x00000006c1800000,0x00000006c39f9d30,0x00000006cae00000)
 Metaspace       used 30228K, capacity 31743K, committed 32000K, reserved 1077248K
  class space    used 3943K, capacity 4263K, committed 4352K, reserved 1048576K
GC Heap History (10 events):
Event: 12.557 GC heap before
{Heap before GC invocations=7 (full 1):
 PSYoungGen      total 96256K, used 91279K [0x000000076b300000, 0x0000000778900000, 0x00000007c0000000)
  eden space 85504K, 100% used [0x000000076b300000,0x0000000770680000,0x0000000770680000)
  from space 10752K, 53% used [0x0000000770680000,0x0000000770c23f58,0x0000000771100000)
  to   space 29696K, 0% used [0x0000000776c00000,0x0000000776c00000,0x0000000778900000)
 ParOldGen       total 153600K, used 25736K [0x00000006c1800000, 0x00000006cae00000, 0x000000076b300000)
  object space 153600K, 16% used [0x00000006c1800000,0x00000006c31222c8,0x00000006cae00000)
 Metaspace       used 26834K, capacity 28157K, committed 28288K, reserved 1073152K
  class space    used 3657K, capacity 3960K, committed 3968K, reserved 1048576K
Event: 12.562 GC heap after
Heap after GC invocations=7 (full 1):
 PSYoungGen      total 186368K, used 6093K [0x000000076b300000, 0x0000000778600000, 0x00000007c0000000)
  eden space 159744K, 0% used [0x000000076b300000,0x000000076b300000,0x0000000774f00000)
  from space 26624K, 22% used [0x0000000776c00000,0x00000007771f3790,0x0000000778600000)
  to   space 28160K, 0% used [0x0000000774f00000,0x0000000774f00000,0x0000000776a80000)
 ParOldGen       total 153600K, used 25744K [0x00000006c1800000, 0x00000006cae00000, 0x000000076b300000)
  object space 153600K, 16% used [0x00000006c1800000,0x00000006c31242c8,0x00000006cae00000)
 Metaspace       used 26834K, capacity 28157K, committed 28288K, reserved 1073152K
  class space    used 3657K, capacity 3960K, committed 3968K, reserved 1048576K
}
Event: 18.549 GC heap before
{Heap before GC invocations=8 (full 1):
 PSYoungGen      total 186368K, used 165837K [0x000000076b300000, 0x0000000778600000, 0x00000007c0000000)
  eden space 159744K, 100% used [0x000000076b300000,0x0000000774f00000,0x0000000774f00000)
  from space 26624K, 22% used [0x0000000776c00000,0x00000007771f3790,0x0000000778600000)
  to   space 28160K, 0% used [0x0000000774f00000,0x0000000774f00000,0x0000000776a80000)
 ParOldGen       total 153600K, used 25744K [0x00000006c1800000, 0x00000006cae00000, 0x000000076b300000)
  object space 153600K, 16% used [0x00000006c1800000,0x00000006c31242c8,0x00000006cae00000)
 Metaspace       used 29099K, capacity 30465K, committed 30592K, reserved 1075200K
  class space    used 3899K, capacity 4198K, committed 4224K, reserved 1048576K
Event: 18.557 GC heap after
Heap after GC invocations=8 (full 1):
 PSYoungGen      total 187904K, used 9028K [0x000000076b300000, 0x0000000780380000, 0x00000007c0000000)
  eden space 159744K, 0% used [0x000000076b300000,0x000000076b300000,0x0000000774f00000)
  from space 28160K, 32% used [0x0000000774f00000,0x00000007757d12c0,0x0000000776a80000)
  to   space 26112K, 0% used [0x000000077ea00000,0x000000077ea00000,0x0000000780380000)
 ParOldGen       total 153600K, used 25752K [0x00000006c1800000, 0x00000006cae00000, 0x000000076b300000)
  object space 153600K, 16% used [0x00000006c1800000,0x00000006c31262c8,0x00000006cae00000)
 Metaspace       used 29099K, capacity 30465K, committed 30592K, reserved 1075200K
  class space    used 3899K, capacity 4198K, committed 4224K, reserved 1048576K
}
Event: 20.370 GC heap before
{Heap before GC invocations=9 (full 1):
 PSYoungGen      total 187904K, used 168772K [0x000000076b300000, 0x0000000780380000, 0x00000007c0000000)
  eden space 159744K, 100% used [0x000000076b300000,0x0000000774f00000,0x0000000774f00000)
  from space 28160K, 32% used [0x0000000774f00000,0x00000007757d12c0,0x0000000776a80000)
  to   space 26112K, 0% used [0x000000077ea00000,0x000000077ea00000,0x0000000780380000)
 ParOldGen       total 153600K, used 25752K [0x00000006c1800000, 0x00000006cae00000, 0x000000076b300000)
  object space 153600K, 16% used [0x00000006c1800000,0x00000006c31262c8,0x00000006cae00000)
 Metaspace       used 29659K, capacity 31103K, committed 31488K, reserved 1077248K
  class space    used 3931K, capacity 4225K, committed 4352K, reserved 1048576K
Event: 20.379 GC heap after
Heap after GC invocations=9 (full 1):
 PSYoungGen      total 304128K, used 4963K [0x000000076b300000, 0x000000077fb80000, 0x00000007c0000000)
  eden space 286208K, 0% used [0x000000076b300000,0x000000076b300000,0x000000077ca80000)
  from space 17920K, 27% used [0x000000077ea00000,0x000000077eed8f88,0x000000077fb80000)
  to   space 25088K, 0% used [0x000000077ca80000,0x000000077ca80000,0x000000077e300000)
 ParOldGen       total 153600K, used 30998K [0x00000006c1800000, 0x00000006cae00000, 0x000000076b300000)
  object space 153600K, 20% used [0x00000006c1800000,0x00000006c3645ad8,0x00000006cae00000)
 Metaspace       used 29659K, capacity 31103K, committed 31488K, reserved 1077248K
  class space    used 3931K, capacity 4225K, committed 4352K, reserved 1048576K
}
Event: 24.078 GC heap before
{Heap before GC invocations=10 (full 1):
 PSYoungGen      total 304128K, used 291171K [0x000000076b300000, 0x000000077fb80000, 0x00000007c0000000)
  eden space 286208K, 100% used [0x000000076b300000,0x000000077ca80000,0x000000077ca80000)
  from space 17920K, 27% used [0x000000077ea00000,0x000000077eed8f88,0x000000077fb80000)
  to   space 25088K, 0% used [0x000000077ca80000,0x000000077ca80000,0x000000077e300000)
 ParOldGen       total 153600K, used 30998K [0x00000006c1800000, 0x00000006cae00000, 0x000000076b300000)
  object space 153600K, 20% used [0x00000006c1800000,0x00000006c3645ad8,0x00000006cae00000)
 Metaspace       used 29975K, capacity 31377K, committed 31744K, reserved 1077248K
  class space    used 3940K, capacity 4230K, committed 4352K, reserved 1048576K
Event: 24.082 GC heap after
Heap after GC invocations=10 (full 1):
 PSYoungGen      total 311296K, used 4407K [0x000000076b300000, 0x0000000787700000, 0x00000007c0000000)
  eden space 286208K, 0% used [0x000000076b300000,0x000000076b300000,0x000000077ca80000)
  from space 25088K, 17% used [0x000000077ca80000,0x000000077cecde80,0x000000077e300000)
  to   space 24576K, 0% used [0x0000000785f00000,0x0000000785f00000,0x0000000787700000)
 ParOldGen       total 153600K, used 31621K [0x00000006c1800000, 0x00000006cae00000, 0x000000076b300000)
  object space 153600K, 20% used [0x00000006c1800000,0x00000006c36e1450,0x00000006cae00000)
 Metaspace       used 29975K, capacity 31377K, committed 31744K, reserved 1077248K
  class space    used 3940K, capacity 4230K, committed 4352K, reserved 1048576K
}
Event: 30.747 GC heap before
{Heap before GC invocations=11 (full 1):
 PSYoungGen      total 311296K, used 290615K [0x000000076b300000, 0x0000000787700000, 0x00000007c0000000)
  eden space 286208K, 100% used [0x000000076b300000,0x000000077ca80000,0x000000077ca80000)
  from space 25088K, 17% used [0x000000077ca80000,0x000000077cecde80,0x000000077e300000)
  to   space 24576K, 0% used [0x0000000785f00000,0x0000000785f00000,0x0000000787700000)
 ParOldGen       total 153600K, used 31621K [0x00000006c1800000, 0x00000006cae00000, 0x000000076b300000)
  object space 153600K, 20% used [0x00000006c1800000,0x00000006c36e1450,0x00000006cae00000)
 Metaspace       used 30186K, capacity 31679K, committed 32000K, reserved 1077248K
  class space    used 3943K, capacity 4263K, committed 4352K, reserved 1048576K
Event: 30.751 GC heap after
Heap after GC invocations=11 (full 1):
 PSYoungGen      total 417792K, used 2005K [0x000000076b300000, 0x0000000786c80000, 0x00000007c0000000)
  eden space 403968K, 0% used [0x000000076b300000,0x000000076b300000,0x0000000783d80000)
  from space 13824K, 14% used [0x0000000785f00000,0x00000007860f56a8,0x0000000786c80000)
  to   space 24064K, 0% used [0x0000000783d80000,0x0000000783d80000,0x0000000785500000)
 ParOldGen       total 153600K, used 34791K [0x00000006c1800000, 0x00000006cae00000, 0x000000076b300000)
  object space 153600K, 22% used [0x00000006c1800000,0x00000006c39f9d30,0x00000006cae00000)
 Metaspace       used 30186K, capacity 31679K, committed 32000K, reserved 1077248K
  class space    used 3943K, capacity 4263K, committed 4352K, reserved 1048576K
}

