# JRE version: Java(TM) SE Runtime Environment (8.0_111-b14) (build 1.8.0_111-b14)
# Java VM: Java HotSpot(TM) 64-Bit Server VM (25.111-b14 mixed mode windows-amd64 compressed oops)
Heap:
 PSYoungGen      total 998912K, used 473108K [0x000000076b300000, 0x00000007ab900000, 0x00000007c0000000)
  eden space 998400K, 47% used [0x000000076b300000,0x00000007880c5338,0x00000007a8200000)
  from space 512K, 50% used [0x00000007ab880000,0x00000007ab8c0000,0x00000007ab900000)
  to   space 22016K, 0% used [0x00000007a8e00000,0x00000007a8e00000,0x00000007aa380000)
 ParOldGen       total 130048K, used 36094K [0x00000006c1800000, 0x00000006c9700000, 0x000000076b300000)
  object space 130048K, 27% used [0x00000006c1800000,0x00000006c3b3fb30,0x00000006c9700000)
 Metaspace       used 30255K, capacity 31775K, committed 32000K, reserved 1077248K
  class space    used 3947K, capacity 4267K, committed 4352K, reserved 1048576K
GC Heap History (10 events):
Event: 18.928 GC heap before
{Heap before GC invocations=13 (full 1):
 PSYoungGen      total 494080K, used 468672K [0x000000076b300000, 0x0000000794380000, 0x00000007c0000000)
  eden space 468480K, 100% used [0x000000076b300000,0x0000000787c80000,0x0000000787c80000)
  from space 25600K, 0% used [0x0000000787c80000,0x0000000787cb0000,0x0000000789580000)
  to   space 25600K, 0% used [0x0000000792a80000,0x0000000792a80000,0x0000000794380000)
 ParOldGen       total 130048K, used 35790K [0x00000006c1800000, 0x00000006c9700000, 0x000000076b300000)
  object space 130048K, 27% used [0x00000006c1800000,0x00000006c3af3b10,0x00000006c9700000)
 Metaspace       used 30119K, capacity 31567K, committed 31744K, reserved 1077248K
  class space    used 3946K, capacity 4267K, committed 4352K, reserved 1048576K
Event: 18.951 GC heap after
Heap after GC invocations=13 (full 1):
 PSYoungGen      total 647168K, used 256K [0x000000076b300000, 0x0000000794800000, 0x00000007c0000000)
  eden space 621568K, 0% used [0x000000076b300000,0x000000076b300000,0x0000000791200000)
  from space 25600K, 1% used [0x0000000792a80000,0x0000000792ac0000,0x0000000794380000)
  to   space 25088K, 0% used [0x0000000791200000,0x0000000791200000,0x0000000792a80000)
 ParOldGen       total 130048K, used 35822K [0x00000006c1800000, 0x00000006c9700000, 0x000000076b300000)
  object space 130048K, 27% used [0x00000006c1800000,0x00000006c3afbb10,0x00000006c9700000)
 Metaspace       used 30119K, capacity 31567K, committed 31744K, reserved 1077248K
  class space    used 3946K, capacity 4267K, committed 4352K, reserved 1048576K
}
Event: 20.144 GC heap before
{Heap before GC invocations=14 (full 1):
 PSYoungGen      total 647168K, used 621824K [0x000000076b300000, 0x0000000794800000, 0x00000007c0000000)
  eden space 621568K, 100% used [0x000000076b300000,0x0000000791200000,0x0000000791200000)
  from space 25600K, 1% used [0x0000000792a80000,0x0000000792ac0000,0x0000000794380000)
  to   space 25088K, 0% used [0x0000000791200000,0x0000000791200000,0x0000000792a80000)
 ParOldGen       total 130048K, used 35822K [0x00000006c1800000, 0x00000006c9700000, 0x000000076b300000)
  object space 130048K, 27% used [0x00000006c1800000,0x00000006c3afbb10,0x00000006c9700000)
 Metaspace       used 30120K, capacity 31567K, committed 31744K, reserved 1077248K
  class space    used 3946K, capacity 4267K, committed 4352K, reserved 1048576K
Event: 20.147 GC heap after
Heap after GC invocations=14 (full 1):
 PSYoungGen      total 646656K, used 256K [0x000000076b300000, 0x000000079f700000, 0x00000007c0000000)
  eden space 621568K, 0% used [0x000000076b300000,0x000000076b300000,0x0000000791200000)
  from space 25088K, 1% used [0x0000000791200000,0x0000000791240000,0x0000000792a80000)
  to   space 24576K, 0% used [0x000000079df00000,0x000000079df00000,0x000000079f700000)
 ParOldGen       total 130048K, used 35998K [0x00000006c1800000, 0x00000006c9700000, 0x000000076b300000)
  object space 130048K, 27% used [0x00000006c1800000,0x00000006c3b27b20,0x00000006c9700000)
 Metaspace       used 30120K, capacity 31567K, committed 31744K, reserved 1077248K
  class space    used 3946K, capacity 4267K, committed 4352K, reserved 1048576K
}
Event: 21.289 GC heap before
{Heap before GC invocations=15 (full 1):
 PSYoungGen      total 646656K, used 621824K [0x000000076b300000, 0x000000079f700000, 0x00000007c0000000)
  eden space 621568K, 100% used [0x000000076b300000,0x0000000791200000,0x0000000791200000)
  from space 25088K, 1% used [0x0000000791200000,0x0000000791240000,0x0000000792a80000)
  to   space 24576K, 0% used [0x000000079df00000,0x000000079df00000,0x000000079f700000)
 ParOldGen       total 130048K, used 35998K [0x00000006c1800000, 0x00000006c9700000, 0x000000076b300000)
  object space 130048K, 27% used [0x00000006c1800000,0x00000006c3b27b20,0x00000006c9700000)
 Metaspace       used 30149K, capacity 31631K, committed 31744K, reserved 1077248K
  class space    used 3946K, capacity 4267K, committed 4352K, reserved 1048576K
Event: 21.307 GC heap after
Heap after GC invocations=15 (full 1):
 PSYoungGen      total 832512K, used 224K [0x000000076b300000, 0x000000079fd80000, 0x00000007c0000000)
  eden space 807936K, 0% used [0x000000076b300000,0x000000076b300000,0x000000079c800000)
  from space 24576K, 0% used [0x000000079df00000,0x000000079df38000,0x000000079f700000)
  to   space 23552K, 0% used [0x000000079c800000,0x000000079c800000,0x000000079df00000)
 ParOldGen       total 130048K, used 36022K [0x00000006c1800000, 0x00000006c9700000, 0x000000076b300000)
  object space 130048K, 27% used [0x00000006c1800000,0x00000006c3b2db20,0x00000006c9700000)
 Metaspace       used 30149K, capacity 31631K, committed 31744K, reserved 1077248K
  class space    used 3946K, capacity 4267K, committed 4352K, reserved 1048576K
}
Event: 22.384 GC heap before
{Heap before GC invocations=16 (full 1):
 PSYoungGen      total 832512K, used 808160K [0x000000076b300000, 0x000000079fd80000, 0x00000007c0000000)
  eden space 807936K, 100% used [0x000000076b300000,0x000000079c800000,0x000000079c800000)
  from space 24576K, 0% used [0x000000079df00000,0x000000079df38000,0x000000079f700000)
  to   space 23552K, 0% used [0x000000079c800000,0x000000079c800000,0x000000079df00000)
 ParOldGen       total 130048K, used 36022K [0x00000006c1800000, 0x00000006c9700000, 0x000000076b300000)
  object space 130048K, 27% used [0x00000006c1800000,0x00000006c3b2db20,0x00000006c9700000)
 Metaspace       used 30160K, capacity 31631K, committed 31744K, reserved 1077248K
  class space    used 3946K, capacity 4267K, committed 4352K, reserved 1048576K
Event: 22.387 GC heap after
Heap after GC invocations=16 (full 1):
 PSYoungGen      total 831488K, used 224K [0x000000076b300000, 0x00000007acf00000, 0x00000007c0000000)
  eden space 807936K, 0% used [0x000000076b300000,0x000000076b300000,0x000000079c800000)
  from space 23552K, 0% used [0x000000079c800000,0x000000079c838000,0x000000079df00000)
  to   space 23040K, 0% used [0x00000007ab880000,0x00000007ab880000,0x00000007acf00000)
 ParOldGen       total 130048K, used 36086K [0x00000006c1800000, 0x00000006c9700000, 0x000000076b300000)
  object space 130048K, 27% used [0x00000006c1800000,0x00000006c3b3db30,0x00000006c9700000)
 Metaspace       used 30160K, capacity 31631K, committed 31744K, reserved 1077248K
  class space    used 3946K, capacity 4267K, committed 4352K, reserved 1048576K
}
Event: 26.555 GC heap before
{Heap before GC invocations=17 (full 1):
 PSYoungGen      total 831488K, used 808160K [0x000000076b300000, 0x00000007acf00000, 0x00000007c0000000)
  eden space 807936K, 100% used [0x000000076b300000,0x000000079c800000,0x000000079c800000)
  from space 23552K, 0% used [0x000000079c800000,0x000000079c838000,0x000000079df00000)
  to   space 23040K, 0% used [0x00000007ab880000,0x00000007ab880000,0x00000007acf00000)
 ParOldGen       total 130048K, used 36086K [0x00000006c1800000, 0x00000006c9700000, 0x000000076b300000)
  object space 130048K, 27% used [0x00000006c1800000,0x00000006c3b3db30,0x00000006c9700000)
 Metaspace       used 30207K, capacity 31695K, committed 32000K, reserved 1077248K
  class space    used 3946K, capacity 4267K, committed 4352K, reserved 1048576K
Event: 26.556 GC heap after
Heap after GC invocations=17 (full 1):
 PSYoungGen      total 998912K, used 256K [0x000000076b300000, 0x00000007ab900000, 0x00000007c0000000)
  eden space 998400K, 0% used [0x000000076b300000,0x000000076b300000,0x00000007a8200000)
  from space 512K, 50% used [0x00000007ab880000,0x00000007ab8c0000,0x00000007ab900000)
  to   space 22016K, 0% used [0x00000007a8e00000,0x00000007a8e00000,0x00000007aa380000)
 ParOldGen       total 130048K, used 36094K [0x00000006c1800000, 0x00000006c9700000, 0x000000076b300000)
  object space 130048K, 27% used [0x00000006c1800000,0x00000006c3b3fb30,0x00000006c9700000)
 Metaspace       used 30207K, capacity 31695K, committed 32000K, reserved 1077248K
  class space    used 3946K, capacity 4267K, committed 4352K, reserved 1048576K
}

