# JRE version: Java(TM) SE Runtime Environment (8.0_111-b14) (build 1.8.0_111-b14)
# Java VM: Java HotSpot(TM) 64-Bit Server VM (25.111-b14 mixed mode windows-amd64 compressed oops)
Heap:
 PSYoungGen      total 225280K, used 57196K [0x000000076b300000, 0x000000077b100000, 0x00000007c0000000)
  eden space 203776K, 23% used [0x000000076b300000,0x000000076e1a2ca8,0x0000000777a00000)
  from space 21504K, 43% used [0x0000000779c00000,0x000000077a538598,0x000000077b100000)
  to   space 28160K, 0% used [0x0000000777a00000,0x0000000777a00000,0x0000000779580000)
 ParOldGen       total 126464K, used 25675K [0x00000006c1800000, 0x00000006c9380000, 0x000000076b300000)
  object space 126464K, 20% used [0x00000006c1800000,0x00000006c3112c90,0x00000006c9380000)
 Metaspace       used 29267K, capacity 30671K, committed 30848K, reserved 1075200K
  class space    used 3852K, capacity 4161K, committed 4224K, reserved 1048576K
GC Heap History (10 events):
Event: 2.617 GC heap before
{Heap before GC invocations=3 (full 1):
 PSYoungGen      total 76288K, used 10724K [0x000000076b300000, 0x0000000774800000, 0x00000007c0000000)
  eden space 65536K, 0% used [0x000000076b300000,0x000000076b300000,0x000000076f300000)
  from space 10752K, 99% used [0x000000076fd80000,0x00000007707f92a0,0x0000000770800000)
  to   space 10752K, 0% used [0x000000076f300000,0x000000076f300000,0x000000076fd80000)
 ParOldGen       total 175104K, used 19745K [0x00000006c1800000, 0x00000006cc300000, 0x000000076b300000)
  object space 175104K, 11% used [0x00000006c1800000,0x00000006c2b484f0,0x00000006cc300000)
 Metaspace       used 20429K, capacity 21271K, committed 21296K, reserved 1067008K
  class space    used 2717K, capacity 2944K, committed 2944K, reserved 1048576K
Event: 2.644 GC heap after
Heap after GC invocations=3 (full 1):
 PSYoungGen      total 76288K, used 0K [0x000000076b300000, 0x0000000774800000, 0x00000007c0000000)
  eden space 65536K, 0% used [0x000000076b300000,0x000000076b300000,0x000000076f300000)
  from space 10752K, 0% used [0x000000076fd80000,0x000000076fd80000,0x0000000770800000)
  to   space 10752K, 0% used [0x000000076f300000,0x000000076f300000,0x000000076fd80000)
 ParOldGen       total 126464K, used 25635K [0x00000006c1800000, 0x00000006c9380000, 0x000000076b300000)
  object space 126464K, 20% used [0x00000006c1800000,0x00000006c3108c90,0x00000006c9380000)
 Metaspace       used 20429K, capacity 21271K, committed 21296K, reserved 1067008K
  class space    used 2717K, capacity 2944K, committed 2944K, reserved 1048576K
}
Event: 7.081 GC heap before
{Heap before GC invocations=4 (full 1):
 PSYoungGen      total 76288K, used 65503K [0x000000076b300000, 0x0000000774800000, 0x00000007c0000000)
  eden space 65536K, 99% used [0x000000076b300000,0x000000076f2f7f60,0x000000076f300000)
  from space 10752K, 0% used [0x000000076fd80000,0x000000076fd80000,0x0000000770800000)
  to   space 10752K, 0% used [0x000000076f300000,0x000000076f300000,0x000000076fd80000)
 ParOldGen       total 126464K, used 25635K [0x00000006c1800000, 0x00000006c9380000, 0x000000076b300000)
  object space 126464K, 20% used [0x00000006c1800000,0x00000006c3108c90,0x00000006c9380000)
 Metaspace       used 26672K, capacity 27955K, committed 28288K, reserved 1073152K
  class space    used 3631K, capacity 3915K, committed 3968K, reserved 1048576K
Event: 7.086 GC heap after
Heap after GC invocations=4 (full 1):
 PSYoungGen      total 76288K, used 7259K [0x000000076b300000, 0x0000000773600000, 0x00000007c0000000)
  eden space 65536K, 0% used [0x000000076b300000,0x000000076b300000,0x000000076f300000)
  from space 10752K, 67% used [0x000000076f300000,0x000000076fa16c48,0x000000076fd80000)
  to   space 10752K, 0% used [0x0000000772b80000,0x0000000772b80000,0x0000000773600000)
 ParOldGen       total 126464K, used 25643K [0x00000006c1800000, 0x00000006c9380000, 0x000000076b300000)
  object space 126464K, 20% used [0x00000006c1800000,0x00000006c310ac90,0x00000006c9380000)
 Metaspace       used 26672K, capacity 27955K, committed 28288K, reserved 1073152K
  class space    used 3631K, capacity 3915K, committed 3968K, reserved 1048576K
}
Event: 7.113 GC heap before
{Heap before GC invocations=5 (full 1):
 PSYoungGen      total 76288K, used 72701K [0x000000076b300000, 0x0000000773600000, 0x00000007c0000000)
  eden space 65536K, 99% used [0x000000076b300000,0x000000076f2e8928,0x000000076f300000)
  from space 10752K, 67% used [0x000000076f300000,0x000000076fa16c48,0x000000076fd80000)
  to   space 10752K, 0% used [0x0000000772b80000,0x0000000772b80000,0x0000000773600000)
 ParOldGen       total 126464K, used 25643K [0x00000006c1800000, 0x00000006c9380000, 0x000000076b300000)
  object space 126464K, 20% used [0x00000006c1800000,0x00000006c310ac90,0x00000006c9380000)
 Metaspace       used 26680K, capacity 27957K, committed 28288K, reserved 1073152K
  class space    used 3633K, capacity 3916K, committed 3968K, reserved 1048576K
Event: 7.117 GC heap after
Heap after GC invocations=5 (full 1):
 PSYoungGen      total 123392K, used 5687K [0x000000076b300000, 0x0000000773d80000, 0x00000007c0000000)
  eden space 112640K, 0% used [0x000000076b300000,0x000000076b300000,0x0000000772100000)
  from space 10752K, 52% used [0x0000000772b80000,0x000000077310ded8,0x0000000773600000)
  to   space 10752K, 0% used [0x0000000772100000,0x0000000772100000,0x0000000772b80000)
 ParOldGen       total 126464K, used 25651K [0x00000006c1800000, 0x00000006c9380000, 0x000000076b300000)
  object space 126464K, 20% used [0x00000006c1800000,0x00000006c310cc90,0x00000006c9380000)
 Metaspace       used 26680K, capacity 27957K, committed 28288K, reserved 1073152K
  class space    used 3633K, capacity 3916K, committed 3968K, reserved 1048576K
}
Event: 7.157 GC heap before
{Heap before GC invocations=6 (full 1):
 PSYoungGen      total 123392K, used 118231K [0x000000076b300000, 0x0000000773d80000, 0x00000007c0000000)
  eden space 112640K, 99% used [0x000000076b300000,0x00000007720e7e20,0x0000000772100000)
  from space 10752K, 52% used [0x0000000772b80000,0x000000077310ded8,0x0000000773600000)
  to   space 10752K, 0% used [0x0000000772100000,0x0000000772100000,0x0000000772b80000)
 ParOldGen       total 126464K, used 25651K [0x00000006c1800000, 0x00000006c9380000, 0x000000076b300000)
  object space 126464K, 20% used [0x00000006c1800000,0x00000006c310cc90,0x00000006c9380000)
 Metaspace       used 26681K, capacity 27957K, committed 28288K, reserved 1073152K
  class space    used 3633K, capacity 3916K, committed 3968K, reserved 1048576K
Event: 7.161 GC heap after
Heap after GC invocations=6 (full 1):
 PSYoungGen      total 123392K, used 5735K [0x000000076b300000, 0x000000077ba00000, 0x00000007c0000000)
  eden space 112640K, 0% used [0x000000076b300000,0x000000076b300000,0x0000000772100000)
  from space 10752K, 53% used [0x0000000772100000,0x0000000772699ca0,0x0000000772b80000)
  to   space 30720K, 0% used [0x0000000779c00000,0x0000000779c00000,0x000000077ba00000)
 ParOldGen       total 126464K, used 25659K [0x00000006c1800000, 0x00000006c9380000, 0x000000076b300000)
  object space 126464K, 20% used [0x00000006c1800000,0x00000006c310ec90,0x00000006c9380000)
 Metaspace       used 26681K, capacity 27957K, committed 28288K, reserved 1073152K
  class space    used 3633K, capacity 3916K, committed 3968K, reserved 1048576K
}
Event: 11.393 GC heap before
{Heap before GC invocations=7 (full 1):
 PSYoungGen      total 123392K, used 118375K [0x000000076b300000, 0x000000077ba00000, 0x00000007c0000000)
  eden space 112640K, 100% used [0x000000076b300000,0x0000000772100000,0x0000000772100000)
  from space 10752K, 53% used [0x0000000772100000,0x0000000772699ca0,0x0000000772b80000)
  to   space 30720K, 0% used [0x0000000779c00000,0x0000000779c00000,0x000000077ba00000)
 ParOldGen       total 126464K, used 25659K [0x00000006c1800000, 0x00000006c9380000, 0x000000076b300000)
  object space 126464K, 20% used [0x00000006c1800000,0x00000006c310ec90,0x00000006c9380000)
 Metaspace       used 29018K, capacity 30399K, committed 30592K, reserved 1075200K
  class space    used 3851K, capacity 4161K, committed 4224K, reserved 1048576K
Event: 11.401 GC heap after
Heap after GC invocations=7 (full 1):
 PSYoungGen      total 225280K, used 9441K [0x000000076b300000, 0x000000077b100000, 0x00000007c0000000)
  eden space 203776K, 0% used [0x000000076b300000,0x000000076b300000,0x0000000777a00000)
  from space 21504K, 43% used [0x0000000779c00000,0x000000077a538598,0x000000077b100000)
  to   space 28160K, 0% used [0x0000000777a00000,0x0000000777a00000,0x0000000779580000)
 ParOldGen       total 126464K, used 25675K [0x00000006c1800000, 0x00000006c9380000, 0x000000076b300000)
  object space 126464K, 20% used [0x00000006c1800000,0x00000006c3112c90,0x00000006c9380000)
 Metaspace       used 29018K, capacity 30399K, committed 30592K, reserved 1075200K
  class space    used 3851K, capacity 4161K, committed 4224K, reserved 1048576K
}

