# JRE version: Java(TM) SE Runtime Environment (8.0_111-b14) (build 1.8.0_111-b14)
# Java VM: Java HotSpot(TM) 64-Bit Server VM (25.111-b14 mixed mode windows-amd64 compressed oops)
Heap:
 PSYoungGen      total 335360K, used 31544K [0x000000076b300000, 0x0000000787f80000, 0x00000007c0000000)
  eden space 304128K, 9% used [0x000000076b300000,0x000000076cde6650,0x000000077dc00000)
  from space 31232K, 12% used [0x000000077dc00000,0x000000077dfe7aa0,0x000000077fa80000)
  to   space 30720K, 0% used [0x0000000786180000,0x0000000786180000,0x0000000787f80000)
 ParOldGen       total 134144K, used 47460K [0x00000006c1800000, 0x00000006c9b00000, 0x000000076b300000)
  object space 134144K, 35% used [0x00000006c1800000,0x00000006c4659048,0x00000006c9b00000)
 Metaspace       used 30378K, capacity 31898K, committed 32000K, reserved 1077248K
  class space    used 3955K, capacity 4266K, committed 4352K, reserved 1048576K
GC Heap History (10 events):
Event: 10.589 GC heap before
{Heap before GC invocations=6 (full 1):
 PSYoungGen      total 115712K, used 110951K [0x000000076b300000, 0x0000000773780000, 0x00000007c0000000)
  eden space 104960K, 99% used [0x000000076b300000,0x0000000771975de8,0x0000000771980000)
  from space 10752K, 56% used [0x0000000772400000,0x00000007729e3ec8,0x0000000772e80000)
  to   space 10752K, 0% used [0x0000000771980000,0x0000000771980000,0x0000000772400000)
 ParOldGen       total 134144K, used 40284K [0x00000006c1800000, 0x00000006c9b00000, 0x000000076b300000)
  object space 134144K, 30% used [0x00000006c1800000,0x00000006c3f570f0,0x00000006c9b00000)
 Metaspace       used 26980K, capacity 28252K, committed 28288K, reserved 1073152K
  class space    used 3642K, capacity 3947K, committed 3968K, reserved 1048576K
Event: 10.592 GC heap after
Heap after GC invocations=6 (full 1):
 PSYoungGen      total 115712K, used 6087K [0x000000076b300000, 0x000000077af00000, 0x00000007c0000000)
  eden space 104960K, 0% used [0x000000076b300000,0x000000076b300000,0x0000000771980000)
  from space 10752K, 56% used [0x0000000771980000,0x0000000771f71e60,0x0000000772400000)
  to   space 34304K, 0% used [0x0000000778d80000,0x0000000778d80000,0x000000077af00000)
 ParOldGen       total 134144K, used 40292K [0x00000006c1800000, 0x00000006c9b00000, 0x000000076b300000)
  object space 134144K, 30% used [0x00000006c1800000,0x00000006c3f590f0,0x00000006c9b00000)
 Metaspace       used 26980K, capacity 28252K, committed 28288K, reserved 1073152K
  class space    used 3642K, capacity 3947K, committed 3968K, reserved 1048576K
}
Event: 11.933 GC heap before
{Heap before GC invocations=7 (full 1):
 PSYoungGen      total 115712K, used 111047K [0x000000076b300000, 0x000000077af00000, 0x00000007c0000000)
  eden space 104960K, 100% used [0x000000076b300000,0x0000000771980000,0x0000000771980000)
  from space 10752K, 56% used [0x0000000771980000,0x0000000771f71e60,0x0000000772400000)
  to   space 34304K, 0% used [0x0000000778d80000,0x0000000778d80000,0x000000077af00000)
 ParOldGen       total 134144K, used 40292K [0x00000006c1800000, 0x00000006c9b00000, 0x000000076b300000)
  object space 134144K, 30% used [0x00000006c1800000,0x00000006c3f590f0,0x00000006c9b00000)
 Metaspace       used 27491K, capacity 28796K, committed 28928K, reserved 1075200K
  class space    used 3691K, capacity 3995K, committed 4096K, reserved 1048576K
Event: 11.938 GC heap after
Heap after GC invocations=7 (full 1):
 PSYoungGen      total 212480K, used 7625K [0x000000076b300000, 0x000000077a880000, 0x00000007c0000000)
  eden space 184832K, 0% used [0x000000076b300000,0x000000076b300000,0x0000000776780000)
  from space 27648K, 27% used [0x0000000778d80000,0x00000007794f2630,0x000000077a880000)
  to   space 33280K, 0% used [0x0000000776780000,0x0000000776780000,0x0000000778800000)
 ParOldGen       total 134144K, used 40300K [0x00000006c1800000, 0x00000006c9b00000, 0x000000076b300000)
  object space 134144K, 30% used [0x00000006c1800000,0x00000006c3f5b0f0,0x00000006c9b00000)
 Metaspace       used 27491K, capacity 28796K, committed 28928K, reserved 1075200K
  class space    used 3691K, capacity 3995K, committed 4096K, reserved 1048576K
}
Event: 18.170 GC heap before
{Heap before GC invocations=8 (full 1):
 PSYoungGen      total 212480K, used 192457K [0x000000076b300000, 0x000000077a880000, 0x00000007c0000000)
  eden space 184832K, 100% used [0x000000076b300000,0x0000000776780000,0x0000000776780000)
  from space 27648K, 27% used [0x0000000778d80000,0x00000007794f2630,0x000000077a880000)
  to   space 33280K, 0% used [0x0000000776780000,0x0000000776780000,0x0000000778800000)
 ParOldGen       total 134144K, used 40300K [0x00000006c1800000, 0x00000006c9b00000, 0x000000076b300000)
  object space 134144K, 30% used [0x00000006c1800000,0x00000006c3f5b0f0,0x00000006c9b00000)
 Metaspace       used 30055K, capacity 31484K, committed 31616K, reserved 1077248K
  class space    used 3928K, capacity 4223K, committed 4224K, reserved 1048576K
Event: 18.178 GC heap after
Heap after GC invocations=8 (full 1):
 PSYoungGen      total 218112K, used 11421K [0x000000076b300000, 0x0000000782400000, 0x00000007c0000000)
  eden space 184832K, 0% used [0x000000076b300000,0x000000076b300000,0x0000000776780000)
  from space 33280K, 34% used [0x0000000776780000,0x00000007772a7538,0x0000000778800000)
  to   space 31232K, 0% used [0x0000000780580000,0x0000000780580000,0x0000000782400000)
 ParOldGen       total 134144K, used 40308K [0x00000006c1800000, 0x00000006c9b00000, 0x000000076b300000)
  object space 134144K, 30% used [0x00000006c1800000,0x00000006c3f5d0f0,0x00000006c9b00000)
 Metaspace       used 30055K, capacity 31484K, committed 31616K, reserved 1077248K
  class space    used 3928K, capacity 4223K, committed 4224K, reserved 1048576K
}
Event: 21.859 GC heap before
{Heap before GC invocations=9 (full 1):
 PSYoungGen      total 218112K, used 196253K [0x000000076b300000, 0x0000000782400000, 0x00000007c0000000)
  eden space 184832K, 100% used [0x000000076b300000,0x0000000776780000,0x0000000776780000)
  from space 33280K, 34% used [0x0000000776780000,0x00000007772a7538,0x0000000778800000)
  to   space 31232K, 0% used [0x0000000780580000,0x0000000780580000,0x0000000782400000)
 ParOldGen       total 134144K, used 40308K [0x00000006c1800000, 0x00000006c9b00000, 0x000000076b300000)
  object space 134144K, 30% used [0x00000006c1800000,0x00000006c3f5d0f0,0x00000006c9b00000)
 Metaspace       used 30207K, capacity 31620K, committed 31872K, reserved 1077248K
  class space    used 3931K, capacity 4223K, committed 4224K, reserved 1048576K
Event: 21.866 GC heap after
Heap after GC invocations=9 (full 1):
 PSYoungGen      total 324096K, used 4990K [0x000000076b300000, 0x0000000781900000, 0x00000007c0000000)
  eden space 304128K, 0% used [0x000000076b300000,0x000000076b300000,0x000000077dc00000)
  from space 19968K, 24% used [0x0000000780580000,0x0000000780a5f838,0x0000000781900000)
  to   space 31232K, 0% used [0x000000077dc00000,0x000000077dc00000,0x000000077fa80000)
 ParOldGen       total 134144K, used 46076K [0x00000006c1800000, 0x00000006c9b00000, 0x000000076b300000)
  object space 134144K, 34% used [0x00000006c1800000,0x00000006c44ff068,0x00000006c9b00000)
 Metaspace       used 30207K, capacity 31620K, committed 31872K, reserved 1077248K
  class space    used 3931K, capacity 4223K, committed 4224K, reserved 1048576K
}
Event: 26.768 GC heap before
{Heap before GC invocations=10 (full 1):
 PSYoungGen      total 324096K, used 309118K [0x000000076b300000, 0x0000000781900000, 0x00000007c0000000)
  eden space 304128K, 100% used [0x000000076b300000,0x000000077dc00000,0x000000077dc00000)
  from space 19968K, 24% used [0x0000000780580000,0x0000000780a5f838,0x0000000781900000)
  to   space 31232K, 0% used [0x000000077dc00000,0x000000077dc00000,0x000000077fa80000)
 ParOldGen       total 134144K, used 46076K [0x00000006c1800000, 0x00000006c9b00000, 0x000000076b300000)
  object space 134144K, 34% used [0x00000006c1800000,0x00000006c44ff068,0x00000006c9b00000)
 Metaspace       used 30378K, capacity 31898K, committed 32000K, reserved 1077248K
  class space    used 3955K, capacity 4266K, committed 4352K, reserved 1048576K
Event: 26.773 GC heap after
Heap after GC invocations=10 (full 1):
 PSYoungGen      total 335360K, used 3998K [0x000000076b300000, 0x0000000787f80000, 0x00000007c0000000)
  eden space 304128K, 0% used [0x000000076b300000,0x000000076b300000,0x000000077dc00000)
  from space 31232K, 12% used [0x000000077dc00000,0x000000077dfe7aa0,0x000000077fa80000)
  to   space 30720K, 0% used [0x0000000786180000,0x0000000786180000,0x0000000787f80000)
 ParOldGen       total 134144K, used 47460K [0x00000006c1800000, 0x00000006c9b00000, 0x000000076b300000)
  object space 134144K, 35% used [0x00000006c1800000,0x00000006c4659048,0x00000006c9b00000)
 Metaspace       used 30378K, capacity 31898K, committed 32000K, reserved 1077248K
  class space    used 3955K, capacity 4266K, committed 4352K, reserved 1048576K
}

