# JRE version: Java(TM) SE Runtime Environment (8.0_111-b14) (build 1.8.0_111-b14)
# Java VM: Java HotSpot(TM) 64-Bit Server VM (25.111-b14 mixed mode windows-amd64 compressed oops)
Heap:
 PSYoungGen      total 406016K, used 108790K [0x000000076b300000, 0x000000078ba80000, 0x00000007c0000000)
  eden space 379904K, 28% used [0x000000076b300000,0x0000000771cdd458,0x0000000782600000)
  from space 26112K, 1% used [0x0000000782600000,0x0000000782660460,0x0000000783f80000)
  to   space 25600K, 0% used [0x000000078a180000,0x000000078a180000,0x000000078ba80000)
 ParOldGen       total 138752K, used 35970K [0x00000006c1800000, 0x00000006c9f80000, 0x000000076b300000)
  object space 138752K, 25% used [0x00000006c1800000,0x00000006c3b20ab0,0x00000006c9f80000)
 Metaspace       used 30230K, capacity 31739K, committed 32000K, reserved 1077248K
  class space    used 3938K, capacity 4261K, committed 4352K, reserved 1048576K
GC Heap History (10 events):
Event: 12.323 GC heap before
{Heap before GC invocations=8 (full 1):
 PSYoungGen      total 199168K, used 184180K [0x000000076b300000, 0x0000000779780000, 0x00000007c0000000)
  eden space 176640K, 100% used [0x000000076b300000,0x0000000775f80000,0x0000000775f80000)
  from space 22528K, 33% used [0x0000000778180000,0x00000007788dd140,0x0000000779780000)
  to   space 28672K, 0% used [0x0000000775f80000,0x0000000775f80000,0x0000000777b80000)
 ParOldGen       total 138752K, used 26655K [0x00000006c1800000, 0x00000006c9f80000, 0x000000076b300000)
  object space 138752K, 19% used [0x00000006c1800000,0x00000006c3207c60,0x00000006c9f80000)
 Metaspace       used 29831K, capacity 31289K, committed 31360K, reserved 1077248K
  class space    used 3926K, capacity 4224K, committed 4224K, reserved 1048576K
Event: 12.332 GC heap after
Heap after GC invocations=8 (full 1):
 PSYoungGen      total 205312K, used 10578K [0x000000076b300000, 0x0000000780d80000, 0x00000007c0000000)
  eden space 176640K, 0% used [0x000000076b300000,0x000000076b300000,0x0000000775f80000)
  from space 28672K, 36% used [0x0000000775f80000,0x00000007769d4be0,0x0000000777b80000)
  to   space 26624K, 0% used [0x000000077f380000,0x000000077f380000,0x0000000780d80000)
 ParOldGen       total 138752K, used 26663K [0x00000006c1800000, 0x00000006c9f80000, 0x000000076b300000)
  object space 138752K, 19% used [0x00000006c1800000,0x00000006c3209c60,0x00000006c9f80000)
 Metaspace       used 29831K, capacity 31289K, committed 31360K, reserved 1077248K
  class space    used 3926K, capacity 4224K, committed 4224K, reserved 1048576K
}
Event: 16.504 GC heap before
{Heap before GC invocations=9 (full 1):
 PSYoungGen      total 205312K, used 187218K [0x000000076b300000, 0x0000000780d80000, 0x00000007c0000000)
  eden space 176640K, 100% used [0x000000076b300000,0x0000000775f80000,0x0000000775f80000)
  from space 28672K, 36% used [0x0000000775f80000,0x00000007769d4be0,0x0000000777b80000)
  to   space 26624K, 0% used [0x000000077f380000,0x000000077f380000,0x0000000780d80000)
 ParOldGen       total 138752K, used 26663K [0x00000006c1800000, 0x00000006c9f80000, 0x000000076b300000)
  object space 138752K, 19% used [0x00000006c1800000,0x00000006c3209c60,0x00000006c9f80000)
 Metaspace       used 30012K, capacity 31435K, committed 31744K, reserved 1077248K
  class space    used 3933K, capacity 4229K, committed 4352K, reserved 1048576K
Event: 16.509 GC heap after
Heap after GC invocations=9 (full 1):
 PSYoungGen      total 305664K, used 4370K [0x000000076b300000, 0x0000000780200000, 0x00000007c0000000)
  eden space 290816K, 0% used [0x000000076b300000,0x000000076b300000,0x000000077cf00000)
  from space 14848K, 29% used [0x000000077f380000,0x000000077f7c4a28,0x0000000780200000)
  to   space 26112K, 0% used [0x000000077cf00000,0x000000077cf00000,0x000000077e880000)
 ParOldGen       total 138752K, used 32450K [0x00000006c1800000, 0x00000006c9f80000, 0x000000076b300000)
  object space 138752K, 23% used [0x00000006c1800000,0x00000006c37b0950,0x00000006c9f80000)
 Metaspace       used 30012K, capacity 31435K, committed 31744K, reserved 1077248K
  class space    used 3933K, capacity 4229K, committed 4352K, reserved 1048576K
}
Event: 19.816 GC heap before
{Heap before GC invocations=10 (full 1):
 PSYoungGen      total 305664K, used 295186K [0x000000076b300000, 0x0000000780200000, 0x00000007c0000000)
  eden space 290816K, 100% used [0x000000076b300000,0x000000077cf00000,0x000000077cf00000)
  from space 14848K, 29% used [0x000000077f380000,0x000000077f7c4a28,0x0000000780200000)
  to   space 26112K, 0% used [0x000000077cf00000,0x000000077cf00000,0x000000077e880000)
 ParOldGen       total 138752K, used 32450K [0x00000006c1800000, 0x00000006c9f80000, 0x000000076b300000)
  object space 138752K, 23% used [0x00000006c1800000,0x00000006c37b0950,0x00000006c9f80000)
 Metaspace       used 30055K, capacity 31507K, committed 31744K, reserved 1077248K
  class space    used 3933K, capacity 4229K, committed 4352K, reserved 1048576K
Event: 19.820 GC heap after
Heap after GC invocations=10 (full 1):
 PSYoungGen      total 316928K, used 3089K [0x000000076b300000, 0x0000000786500000, 0x00000007c0000000)
  eden space 290816K, 0% used [0x000000076b300000,0x000000076b300000,0x000000077cf00000)
  from space 26112K, 11% used [0x000000077cf00000,0x000000077d2047d0,0x000000077e880000)
  to   space 26112K, 0% used [0x0000000784b80000,0x0000000784b80000,0x0000000786500000)
 ParOldGen       total 138752K, used 33630K [0x00000006c1800000, 0x00000006c9f80000, 0x000000076b300000)
  object space 138752K, 24% used [0x00000006c1800000,0x00000006c38d79b8,0x00000006c9f80000)
 Metaspace       used 30055K, capacity 31507K, committed 31744K, reserved 1077248K
  class space    used 3933K, capacity 4229K, committed 4352K, reserved 1048576K
}
Event: 22.674 GC heap before
{Heap before GC invocations=11 (full 1):
 PSYoungGen      total 316928K, used 293905K [0x000000076b300000, 0x0000000786500000, 0x00000007c0000000)
  eden space 290816K, 100% used [0x000000076b300000,0x000000077cf00000,0x000000077cf00000)
  from space 26112K, 11% used [0x000000077cf00000,0x000000077d2047d0,0x000000077e880000)
  to   space 26112K, 0% used [0x0000000784b80000,0x0000000784b80000,0x0000000786500000)
 ParOldGen       total 138752K, used 33630K [0x00000006c1800000, 0x00000006c9f80000, 0x000000076b300000)
  object space 138752K, 24% used [0x00000006c1800000,0x00000006c38d79b8,0x00000006c9f80000)
 Metaspace       used 30177K, capacity 31667K, committed 32000K, reserved 1077248K
  class space    used 3938K, capacity 4261K, committed 4352K, reserved 1048576K
Event: 22.676 GC heap after
Heap after GC invocations=11 (full 1):
 PSYoungGen      total 393728K, used 288K [0x000000076b300000, 0x0000000785900000, 0x00000007c0000000)
  eden space 379904K, 0% used [0x000000076b300000,0x000000076b300000,0x0000000782600000)
  from space 13824K, 2% used [0x0000000784b80000,0x0000000784bc8000,0x0000000785900000)
  to   space 26112K, 0% used [0x0000000782600000,0x0000000782600000,0x0000000783f80000)
 ParOldGen       total 138752K, used 35914K [0x00000006c1800000, 0x00000006c9f80000, 0x000000076b300000)
  object space 138752K, 25% used [0x00000006c1800000,0x00000006c3b12aa0,0x00000006c9f80000)
 Metaspace       used 30177K, capacity 31667K, committed 32000K, reserved 1077248K
  class space    used 3938K, capacity 4261K, committed 4352K, reserved 1048576K
}
Event: 27.758 GC heap before
{Heap before GC invocations=12 (full 1):
 PSYoungGen      total 393728K, used 380192K [0x000000076b300000, 0x0000000785900000, 0x00000007c0000000)
  eden space 379904K, 100% used [0x000000076b300000,0x0000000782600000,0x0000000782600000)
  from space 13824K, 2% used [0x0000000784b80000,0x0000000784bc8000,0x0000000785900000)
  to   space 26112K, 0% used [0x0000000782600000,0x0000000782600000,0x0000000783f80000)
 ParOldGen       total 138752K, used 35914K [0x00000006c1800000, 0x00000006c9f80000, 0x000000076b300000)
  object space 138752K, 25% used [0x00000006c1800000,0x00000006c3b12aa0,0x00000006c9f80000)
 Metaspace       used 30230K, capacity 31739K, committed 32000K, reserved 1077248K
  class space    used 3938K, capacity 4261K, committed 4352K, reserved 1048576K
Event: 27.760 GC heap after
Heap after GC invocations=12 (full 1):
 PSYoungGen      total 406016K, used 385K [0x000000076b300000, 0x000000078ba80000, 0x00000007c0000000)
  eden space 379904K, 0% used [0x000000076b300000,0x000000076b300000,0x0000000782600000)
  from space 26112K, 1% used [0x0000000782600000,0x0000000782660460,0x0000000783f80000)
  to   space 25600K, 0% used [0x000000078a180000,0x000000078a180000,0x000000078ba80000)
 ParOldGen       total 138752K, used 35970K [0x00000006c1800000, 0x00000006c9f80000, 0x000000076b300000)
  object space 138752K, 25% used [0x00000006c1800000,0x00000006c3b20ab0,0x00000006c9f80000)
 Metaspace       used 30230K, capacity 31739K, committed 32000K, reserved 1077248K
  class space    used 3938K, capacity 4261K, committed 4352K, reserved 1048576K
}

