# JRE version: Java(TM) SE Runtime Environment (8.0_111-b14) (build 1.8.0_111-b14)
# Java VM: Java HotSpot(TM) 64-Bit Server VM (25.111-b14 mixed mode windows-amd64 compressed oops)
Heap:
 PSYoungGen      total 346112K, used 171582K [0x000000076b300000, 0x0000000782780000, 0x00000007c0000000)
  eden space 329216K, 50% used [0x000000076b300000,0x00000007754037b0,0x000000077f480000)
  from space 16896K, 39% used [0x0000000781700000,0x0000000781d8c0f0,0x0000000782780000)
  to   space 26112K, 0% used [0x000000077f480000,0x000000077f480000,0x0000000780e00000)
 ParOldGen       total 135680K, used 33735K [0x00000006c1800000, 0x00000006c9c80000, 0x000000076b300000)
  object space 135680K, 24% used [0x00000006c1800000,0x00000006c38f1da0,0x00000006c9c80000)
 Metaspace       used 29234K, capacity 30658K, committed 30848K, reserved 1075200K
  class space    used 3832K, capacity 4128K, committed 4224K, reserved 1048576K
GC Heap History (10 events):
Event: 8.405 GC heap before
{Heap before GC invocations=5 (full 1):
 PSYoungGen      total 76288K, used 74241K [0x000000076b300000, 0x0000000772d00000, 0x00000007c0000000)
  eden space 65536K, 99% used [0x000000076b300000,0x000000076f2fc6f0,0x000000076f300000)
  from space 10752K, 81% used [0x000000076f300000,0x000000076fb83da8,0x000000076fd80000)
  to   space 10752K, 0% used [0x0000000772280000,0x0000000772280000,0x0000000772d00000)
 ParOldGen       total 135680K, used 26706K [0x00000006c1800000, 0x00000006c9c80000, 0x000000076b300000)
  object space 135680K, 19% used [0x00000006c1800000,0x00000006c3214be0,0x00000006c9c80000)
 Metaspace       used 28013K, capacity 29410K, committed 29440K, reserved 1075200K
  class space    used 3784K, capacity 4076K, committed 4096K, reserved 1048576K
Event: 8.411 GC heap after
Heap after GC invocations=5 (full 1):
 PSYoungGen      total 113152K, used 7870K [0x000000076b300000, 0x0000000772c80000, 0x00000007c0000000)
  eden space 102912K, 0% used [0x000000076b300000,0x000000076b300000,0x0000000771780000)
  from space 10240K, 76% used [0x0000000772280000,0x0000000772a2faf0,0x0000000772c80000)
  to   space 10752K, 0% used [0x0000000771780000,0x0000000771780000,0x0000000772200000)
 ParOldGen       total 135680K, used 26722K [0x00000006c1800000, 0x00000006c9c80000, 0x000000076b300000)
  object space 135680K, 19% used [0x00000006c1800000,0x00000006c3218be0,0x00000006c9c80000)
 Metaspace       used 28013K, capacity 29410K, committed 29440K, reserved 1075200K
  class space    used 3784K, capacity 4076K, committed 4096K, reserved 1048576K
}
Event: 8.453 GC heap before
{Heap before GC invocations=6 (full 1):
 PSYoungGen      total 113152K, used 110680K [0x000000076b300000, 0x0000000772c80000, 0x00000007c0000000)
  eden space 102912K, 99% used [0x000000076b300000,0x00000007717668b8,0x0000000771780000)
  from space 10240K, 76% used [0x0000000772280000,0x0000000772a2faf0,0x0000000772c80000)
  to   space 10752K, 0% used [0x0000000771780000,0x0000000771780000,0x0000000772200000)
 ParOldGen       total 135680K, used 26722K [0x00000006c1800000, 0x00000006c9c80000, 0x000000076b300000)
  object space 135680K, 19% used [0x00000006c1800000,0x00000006c3218be0,0x00000006c9c80000)
 Metaspace       used 28014K, capacity 29410K, committed 29440K, reserved 1075200K
  class space    used 3784K, capacity 4076K, committed 4096K, reserved 1048576K
Event: 8.462 GC heap after
Heap after GC invocations=6 (full 1):
 PSYoungGen      total 113664K, used 7723K [0x000000076b300000, 0x000000077a080000, 0x00000007c0000000)
  eden space 102912K, 0% used [0x000000076b300000,0x000000076b300000,0x0000000771780000)
  from space 10752K, 71% used [0x0000000771780000,0x0000000771f0aea8,0x0000000772200000)
  to   space 29696K, 0% used [0x0000000778380000,0x0000000778380000,0x000000077a080000)
 ParOldGen       total 135680K, used 26722K [0x00000006c1800000, 0x00000006c9c80000, 0x000000076b300000)
  object space 135680K, 19% used [0x00000006c1800000,0x00000006c3218be0,0x00000006c9c80000)
 Metaspace       used 28014K, capacity 29410K, committed 29440K, reserved 1075200K
  class space    used 3784K, capacity 4076K, committed 4096K, reserved 1048576K
}
Event: 8.485 GC heap before
{Heap before GC invocations=7 (full 1):
 PSYoungGen      total 113664K, used 110483K [0x000000076b300000, 0x000000077a080000, 0x00000007c0000000)
  eden space 102912K, 99% used [0x000000076b300000,0x0000000771759db0,0x0000000771780000)
  from space 10752K, 71% used [0x0000000771780000,0x0000000771f0aea8,0x0000000772200000)
  to   space 29696K, 0% used [0x0000000778380000,0x0000000778380000,0x000000077a080000)
 ParOldGen       total 135680K, used 26722K [0x00000006c1800000, 0x00000006c9c80000, 0x000000076b300000)
  object space 135680K, 19% used [0x00000006c1800000,0x00000006c3218be0,0x00000006c9c80000)
 Metaspace       used 28014K, capacity 29410K, committed 29440K, reserved 1075200K
  class space    used 3784K, capacity 4076K, committed 4096K, reserved 1048576K
Event: 8.490 GC heap after
Heap after GC invocations=7 (full 1):
 PSYoungGen      total 214528K, used 7864K [0x000000076b300000, 0x000000077a580000, 0x00000007c0000000)
  eden space 184832K, 0% used [0x000000076b300000,0x000000076b300000,0x0000000776780000)
  from space 29696K, 26% used [0x0000000778380000,0x0000000778b2e048,0x000000077a080000)
  to   space 28672K, 0% used [0x0000000776780000,0x0000000776780000,0x0000000778380000)
 ParOldGen       total 135680K, used 26722K [0x00000006c1800000, 0x00000006c9c80000, 0x000000076b300000)
  object space 135680K, 19% used [0x00000006c1800000,0x00000006c3218be0,0x00000006c9c80000)
 Metaspace       used 28014K, capacity 29410K, committed 29440K, reserved 1075200K
  class space    used 3784K, capacity 4076K, committed 4096K, reserved 1048576K
}
Event: 9.159 GC heap before
{Heap before GC invocations=8 (full 1):
 PSYoungGen      total 214528K, used 192696K [0x000000076b300000, 0x000000077a580000, 0x00000007c0000000)
  eden space 184832K, 100% used [0x000000076b300000,0x0000000776780000,0x0000000776780000)
  from space 29696K, 26% used [0x0000000778380000,0x0000000778b2e048,0x000000077a080000)
  to   space 28672K, 0% used [0x0000000776780000,0x0000000776780000,0x0000000778380000)
 ParOldGen       total 135680K, used 26722K [0x00000006c1800000, 0x00000006c9c80000, 0x000000076b300000)
  object space 135680K, 19% used [0x00000006c1800000,0x00000006c3218be0,0x00000006c9c80000)
 Metaspace       used 28136K, capacity 29598K, committed 29824K, reserved 1075200K
  class space    used 3793K, capacity 4114K, committed 4224K, reserved 1048576K
Event: 9.170 GC heap after
Heap after GC invocations=8 (full 1):
 PSYoungGen      total 213504K, used 9051K [0x000000076b300000, 0x0000000783180000, 0x00000007c0000000)
  eden space 184832K, 0% used [0x000000076b300000,0x000000076b300000,0x0000000776780000)
  from space 28672K, 31% used [0x0000000776780000,0x0000000777056e80,0x0000000778380000)
  to   space 27136K, 0% used [0x0000000781700000,0x0000000781700000,0x0000000783180000)
 ParOldGen       total 135680K, used 26730K [0x00000006c1800000, 0x00000006c9c80000, 0x000000076b300000)
  object space 135680K, 19% used [0x00000006c1800000,0x00000006c321abe0,0x00000006c9c80000)
 Metaspace       used 28136K, capacity 29598K, committed 29824K, reserved 1075200K
  class space    used 3793K, capacity 4114K, committed 4224K, reserved 1048576K
}
Event: 17.437 GC heap before
{Heap before GC invocations=9 (full 1):
 PSYoungGen      total 213504K, used 193883K [0x000000076b300000, 0x0000000783180000, 0x00000007c0000000)
  eden space 184832K, 100% used [0x000000076b300000,0x0000000776780000,0x0000000776780000)
  from space 28672K, 31% used [0x0000000776780000,0x0000000777056e80,0x0000000778380000)
  to   space 27136K, 0% used [0x0000000781700000,0x0000000781700000,0x0000000783180000)
 ParOldGen       total 135680K, used 26730K [0x00000006c1800000, 0x00000006c9c80000, 0x000000076b300000)
  object space 135680K, 19% used [0x00000006c1800000,0x00000006c321abe0,0x00000006c9c80000)
 Metaspace       used 28709K, capacity 30134K, committed 30336K, reserved 1075200K
  class space    used 3800K, capacity 4118K, committed 4224K, reserved 1048576K
Event: 17.445 GC heap after
Heap after GC invocations=9 (full 1):
 PSYoungGen      total 346112K, used 6704K [0x000000076b300000, 0x0000000782780000, 0x00000007c0000000)
  eden space 329216K, 0% used [0x000000076b300000,0x000000076b300000,0x000000077f480000)
  from space 16896K, 39% used [0x0000000781700000,0x0000000781d8c0f0,0x0000000782780000)
  to   space 26112K, 0% used [0x000000077f480000,0x000000077f480000,0x0000000780e00000)
 ParOldGen       total 135680K, used 33735K [0x00000006c1800000, 0x00000006c9c80000, 0x000000076b300000)
  object space 135680K, 24% used [0x00000006c1800000,0x00000006c38f1da0,0x00000006c9c80000)
 Metaspace       used 28709K, capacity 30134K, committed 30336K, reserved 1075200K
  class space    used 3800K, capacity 4118K, committed 4224K, reserved 1048576K
}

